<?xml version="1.0" encoding="UTF-8"?>
<testsuite xmlns:xsi="http://www.w3.org/2001/XMLSchema-instance" xsi:noNamespaceSchemaLocation="https://maven.apache.org/surefire/maven-surefire-plugin/xsd/surefire-test-report.xsd" name="com.example.BankAccountTest" time="0.027" tests="3" errors="0" skipped="0" failures="0">
  <properties>
[...]
</properties>
  <testcase name="testWithdraw" classname="com.example.BankAccountTest" time="0.002"/>
  <testcase name="testWithdrawMoreThanBalance" classname="com.example.BankAccountTest" time="0.001"/>
  <testcase name="testDeposit" classname="com.example.BankAccountTest" time="0"/>
</testsuite>